Determining if the pthread_create exist failed with the following output:
Change Dir: /home/echo/hkust_catkin/hkust/src/cloud_to_map/src/cloud_to_map/cmake-build-debug/CMakeFiles/CMakeTmp

Run Build Command:"/usr/bin/make" "cmTC_9fa5d/fast"
/usr/bin/make -f CMakeFiles/cmTC_9fa5d.dir/build.make CMakeFiles/cmTC_9fa5d.dir/build
make[1]: Entering directory '/home/echo/hkust_catkin/hkust/src/cloud_to_map/src/cloud_to_map/cmake-build-debug/CMakeFiles/CMakeTmp'
Building C object CMakeFiles/cmTC_9fa5d.dir/CheckSymbolExists.c.o
/usr/bin/cc    -o CMakeFiles/cmTC_9fa5d.dir/CheckSymbolExists.c.o   -c /home/echo/hkust_catkin/hkust/src/cloud_to_map/src/cloud_to_map/cmake-build-debug/CMakeFiles/CMakeTmp/CheckSymbolExists.c
Linking C executable cmTC_9fa5d
/home/echo/clion-2017.3.1/bin/cmake/bin/cmake -E cmake_link_script CMakeFiles/cmTC_9fa5d.dir/link.txt --verbose=1
/usr/bin/cc      -rdynamic CMakeFiles/cmTC_9fa5d.dir/CheckSymbolExists.c.o  -o cmTC_9fa5d 
CMakeFiles/cmTC_9fa5d.dir/CheckSymbolExists.c.o：在函数‘main’中：
CheckSymbolExists.c:(.text+0x16)：对‘pthread_create’未定义的引用
collect2: error: ld returned 1 exit status
CMakeFiles/cmTC_9fa5d.dir/build.make:97: recipe for target 'cmTC_9fa5d' failed
make[1]: *** [cmTC_9fa5d] Error 1
make[1]: Leaving directory '/home/echo/hkust_catkin/hkust/src/cloud_to_map/src/cloud_to_map/cmake-build-debug/CMakeFiles/CMakeTmp'
Makefile:126: recipe for target 'cmTC_9fa5d/fast' failed
make: *** [cmTC_9fa5d/fast] Error 2

File /home/echo/hkust_catkin/hkust/src/cloud_to_map/src/cloud_to_map/cmake-build-debug/CMakeFiles/CMakeTmp/CheckSymbolExists.c:
/* */
#include <pthread.h>

int main(int argc, char** argv)
{
  (void)argv;
#ifndef pthread_create
  return ((int*)(&pthread_create))[argc];
#else
  (void)argc;
  return 0;
#endif
}

Determining if the function pthread_create exists in the pthreads failed with the following output:
Change Dir: /home/echo/hkust_catkin/hkust/src/cloud_to_map/src/cloud_to_map/cmake-build-debug/CMakeFiles/CMakeTmp

Run Build Command:"/usr/bin/make" "cmTC_9b531/fast"
/usr/bin/make -f CMakeFiles/cmTC_9b531.dir/build.make CMakeFiles/cmTC_9b531.dir/build
make[1]: Entering directory '/home/echo/hkust_catkin/hkust/src/cloud_to_map/src/cloud_to_map/cmake-build-debug/CMakeFiles/CMakeTmp'
Building C object CMakeFiles/cmTC_9b531.dir/CheckFunctionExists.c.o
/usr/bin/cc   -DCHECK_FUNCTION_EXISTS=pthread_create   -o CMakeFiles/cmTC_9b531.dir/CheckFunctionExists.c.o   -c /home/echo/clion-2017.3.1/bin/cmake/share/cmake-3.9/Modules/CheckFunctionExists.c
Linking C executable cmTC_9b531
/home/echo/clion-2017.3.1/bin/cmake/bin/cmake -E cmake_link_script CMakeFiles/cmTC_9b531.dir/link.txt --verbose=1
/usr/bin/cc  -DCHECK_FUNCTION_EXISTS=pthread_create    -rdynamic CMakeFiles/cmTC_9b531.dir/CheckFunctionExists.c.o  -o cmTC_9b531 -lpthreads 
/usr/bin/ld: 找不到 -lpthreads
collect2: error: ld returned 1 exit status
CMakeFiles/cmTC_9b531.dir/build.make:97: recipe for target 'cmTC_9b531' failed
make[1]: *** [cmTC_9b531] Error 1
make[1]: Leaving directory '/home/echo/hkust_catkin/hkust/src/cloud_to_map/src/cloud_to_map/cmake-build-debug/CMakeFiles/CMakeTmp'
Makefile:126: recipe for target 'cmTC_9b531/fast' failed
make: *** [cmTC_9b531/fast] Error 2


